<?xml version="1.0" encoding="UTF-8"?>
<testsuite name="com.lipaco.slowstory.springboot.web.PostsApiControllerTest" tests="2" skipped="0" failures="0" errors="0" timestamp="2021-12-14T06:20:23" hostname="lipacoiiMacmini" time="0.435">
  <properties/>
  <testcase name="Posts_등록된다()" classname="com.lipaco.slowstory.springboot.web.PostsApiControllerTest" time="0.162"/>
  <testcase name="Posts_수정된다()" classname="com.lipaco.slowstory.springboot.web.PostsApiControllerTest" time="0.271"/>
  <system-out><![CDATA[2021-12-14 15:20:23.073  INFO 3333 --- [    Test worker] .b.t.c.SpringBootTestContextBootstrapper : Neither @ContextConfiguration nor @ContextHierarchy found for test class [com.lipaco.slowstory.springboot.web.PostsApiControllerTest], using SpringBootContextLoader
2021-12-14 15:20:23.074  INFO 3333 --- [    Test worker] o.s.t.c.support.AbstractContextLoader    : Could not detect default resource locations for test class [com.lipaco.slowstory.springboot.web.PostsApiControllerTest]: no resource found for suffixes {-context.xml, Context.groovy}.
2021-12-14 15:20:23.074  INFO 3333 --- [    Test worker] t.c.s.AnnotationConfigContextLoaderUtils : Could not detect default configuration classes for test class [com.lipaco.slowstory.springboot.web.PostsApiControllerTest]: PostsApiControllerTest does not declare any static, non-private, non-final, nested classes annotated with @Configuration.
2021-12-14 15:20:23.081  INFO 3333 --- [    Test worker] .b.t.c.SpringBootTestContextBootstrapper : Found @SpringBootConfiguration com.lipaco.slowstory.springboot.Application for test class com.lipaco.slowstory.springboot.web.PostsApiControllerTest
2021-12-14 15:20:23.085  INFO 3333 --- [    Test worker] .b.t.c.SpringBootTestContextBootstrapper : Loaded default TestExecutionListener class names from location [META-INF/spring.factories]: [org.springframework.security.test.context.support.WithSecurityContextTestExecutionListener, org.springframework.security.test.context.support.ReactorContextTestExecutionListener, org.springframework.boot.test.autoconfigure.restdocs.RestDocsTestExecutionListener, org.springframework.boot.test.autoconfigure.web.client.MockRestServiceServerResetTestExecutionListener, org.springframework.boot.test.autoconfigure.web.servlet.MockMvcPrintOnlyOnFailureTestExecutionListener, org.springframework.boot.test.autoconfigure.web.servlet.WebDriverTestExecutionListener, org.springframework.boot.test.autoconfigure.webservices.client.MockWebServiceServerTestExecutionListener, org.springframework.boot.test.mock.mockito.MockitoTestExecutionListener, org.springframework.boot.test.mock.mockito.ResetMocksTestExecutionListener, org.springframework.test.context.web.ServletTestExecutionListener, org.springframework.test.context.support.DirtiesContextBeforeModesTestExecutionListener, org.springframework.test.context.event.ApplicationEventsTestExecutionListener, org.springframework.test.context.support.DependencyInjectionTestExecutionListener, org.springframework.test.context.support.DirtiesContextTestExecutionListener, org.springframework.test.context.transaction.TransactionalTestExecutionListener, org.springframework.test.context.jdbc.SqlScriptsTestExecutionListener, org.springframework.test.context.event.EventPublishingTestExecutionListener]
2021-12-14 15:20:23.086  INFO 3333 --- [    Test worker] .b.t.c.SpringBootTestContextBootstrapper : Using TestExecutionListeners: [org.springframework.test.context.web.ServletTestExecutionListener@5b01b3f8, org.springframework.test.context.support.DirtiesContextBeforeModesTestExecutionListener@27c49f54, org.springframework.test.context.event.ApplicationEventsTestExecutionListener@69efdfd9, org.springframework.boot.test.mock.mockito.MockitoTestExecutionListener@1c149539, org.springframework.boot.test.autoconfigure.SpringBootDependencyInjectionTestExecutionListener@4a5c6b30, org.springframework.test.context.support.DirtiesContextTestExecutionListener@49616310, org.springframework.test.context.transaction.TransactionalTestExecutionListener@5ee76cf2, org.springframework.test.context.jdbc.SqlScriptsTestExecutionListener@6662974a, org.springframework.security.test.context.support.WithSecurityContextTestExecutionListener@4fce655d, org.springframework.test.context.event.EventPublishingTestExecutionListener@df5f657, org.springframework.security.test.context.support.ReactorContextTestExecutionListener@68908be7, org.springframework.boot.test.autoconfigure.restdocs.RestDocsTestExecutionListener@1aba8978, org.springframework.boot.test.autoconfigure.web.client.MockRestServiceServerResetTestExecutionListener@2662e3ff, org.springframework.boot.test.autoconfigure.web.servlet.MockMvcPrintOnlyOnFailureTestExecutionListener@487ee2a, org.springframework.boot.test.autoconfigure.web.servlet.WebDriverTestExecutionListener@682482ee, org.springframework.boot.test.autoconfigure.webservices.client.MockWebServiceServerTestExecutionListener@261b27db, org.springframework.boot.test.mock.mockito.ResetMocksTestExecutionListener@175745fc]
2021-12-14 15:20:23.110  INFO 3333 --- [    Test worker] o.a.c.c.C.[Tomcat].[localhost].[/]       : Initializing Spring TestDispatcherServlet ''
2021-12-14 15:20:23.110  INFO 3333 --- [    Test worker] o.s.t.web.servlet.TestDispatcherServlet  : Initializing Servlet ''
2021-12-14 15:20:23.110  INFO 3333 --- [    Test worker] o.s.t.web.servlet.TestDispatcherServlet  : Completed initialization in 0 ms
Hibernate: insert into posts (id, created_date, modified_date, author, content, title) values (null, ?, ?, ?, ?, ?)
Hibernate: select posts0_.id as id1_0_, posts0_.created_date as created_2_0_, posts0_.modified_date as modified3_0_, posts0_.author as author4_0_, posts0_.content as content5_0_, posts0_.title as title6_0_ from posts posts0_
Hibernate: select posts0_.id as id1_0_, posts0_.created_date as created_2_0_, posts0_.modified_date as modified3_0_, posts0_.author as author4_0_, posts0_.content as content5_0_, posts0_.title as title6_0_ from posts posts0_
Hibernate: delete from posts where id=?
2021-12-14 15:20:23.266  INFO 3333 --- [    Test worker] o.a.c.c.C.[Tomcat].[localhost].[/]       : Initializing Spring TestDispatcherServlet ''
2021-12-14 15:20:23.267  INFO 3333 --- [    Test worker] o.s.t.web.servlet.TestDispatcherServlet  : Initializing Servlet ''
2021-12-14 15:20:23.267  INFO 3333 --- [    Test worker] o.s.t.web.servlet.TestDispatcherServlet  : Completed initialization in 0 ms
Hibernate: insert into posts (id, created_date, modified_date, author, content, title) values (null, ?, ?, ?, ?, ?)
2021-12-14 15:20:23.419  INFO 3333 --- [o-auto-1-exec-1] o.a.c.c.C.[Tomcat].[localhost].[/]       : Initializing Spring DispatcherServlet 'dispatcherServlet'
2021-12-14 15:20:23.421  INFO 3333 --- [o-auto-1-exec-1] o.s.web.servlet.DispatcherServlet        : Initializing Servlet 'dispatcherServlet'
2021-12-14 15:20:23.423  INFO 3333 --- [o-auto-1-exec-1] o.s.web.servlet.DispatcherServlet        : Completed initialization in 2 ms
Hibernate: select posts0_.id as id1_0_0_, posts0_.created_date as created_2_0_0_, posts0_.modified_date as modified3_0_0_, posts0_.author as author4_0_0_, posts0_.content as content5_0_0_, posts0_.title as title6_0_0_ from posts posts0_ where posts0_.id=?
Hibernate: update posts set created_date=?, modified_date=?, author=?, content=?, title=? where id=?
Hibernate: select posts0_.id as id1_0_, posts0_.created_date as created_2_0_, posts0_.modified_date as modified3_0_, posts0_.author as author4_0_, posts0_.content as content5_0_, posts0_.title as title6_0_ from posts posts0_
Hibernate: select posts0_.id as id1_0_, posts0_.created_date as created_2_0_, posts0_.modified_date as modified3_0_, posts0_.author as author4_0_, posts0_.content as content5_0_, posts0_.title as title6_0_ from posts posts0_
Hibernate: delete from posts where id=?
]]></system-out>
  <system-err><![CDATA[]]></system-err>
</testsuite>
