<?xml version="1.0" encoding="UTF-8"?>
<testsuite name="com.lipaco.slowstory.springboot.web.HelloControllerTest" tests="2" skipped="0" failures="0" errors="0" timestamp="2021-12-14T06:20:19" hostname="lipacoiiMacmini" time="0.256">
  <properties/>
  <testcase name="hello가_리턴된다()" classname="com.lipaco.slowstory.springboot.web.HelloControllerTest" time="0.106"/>
  <testcase name="helloDto가_리턴된다()" classname="com.lipaco.slowstory.springboot.web.HelloControllerTest" time="0.143"/>
  <system-out><![CDATA[2021-12-14 15:20:18.454  INFO 3333 --- [    Test worker] .b.t.a.w.s.WebMvcTestContextBootstrapper : Neither @ContextConfiguration nor @ContextHierarchy found for test class [com.lipaco.slowstory.springboot.web.HelloControllerTest], using SpringBootContextLoader
2021-12-14 15:20:18.456  INFO 3333 --- [    Test worker] o.s.t.c.support.AbstractContextLoader    : Could not detect default resource locations for test class [com.lipaco.slowstory.springboot.web.HelloControllerTest]: no resource found for suffixes {-context.xml, Context.groovy}.
2021-12-14 15:20:18.456  INFO 3333 --- [    Test worker] t.c.s.AnnotationConfigContextLoaderUtils : Could not detect default configuration classes for test class [com.lipaco.slowstory.springboot.web.HelloControllerTest]: HelloControllerTest does not declare any static, non-private, non-final, nested classes annotated with @Configuration.
2021-12-14 15:20:18.510  INFO 3333 --- [    Test worker] .b.t.c.SpringBootTestContextBootstrapper : Found @SpringBootConfiguration com.lipaco.slowstory.springboot.Application for test class com.lipaco.slowstory.springboot.web.HelloControllerTest
2021-12-14 15:20:18.513  INFO 3333 --- [    Test worker] .b.t.a.w.s.WebMvcTestContextBootstrapper : Loaded default TestExecutionListener class names from location [META-INF/spring.factories]: [org.springframework.security.test.context.support.WithSecurityContextTestExecutionListener, org.springframework.security.test.context.support.ReactorContextTestExecutionListener, org.springframework.boot.test.autoconfigure.restdocs.RestDocsTestExecutionListener, org.springframework.boot.test.autoconfigure.web.client.MockRestServiceServerResetTestExecutionListener, org.springframework.boot.test.autoconfigure.web.servlet.MockMvcPrintOnlyOnFailureTestExecutionListener, org.springframework.boot.test.autoconfigure.web.servlet.WebDriverTestExecutionListener, org.springframework.boot.test.autoconfigure.webservices.client.MockWebServiceServerTestExecutionListener, org.springframework.boot.test.mock.mockito.MockitoTestExecutionListener, org.springframework.boot.test.mock.mockito.ResetMocksTestExecutionListener, org.springframework.test.context.web.ServletTestExecutionListener, org.springframework.test.context.support.DirtiesContextBeforeModesTestExecutionListener, org.springframework.test.context.event.ApplicationEventsTestExecutionListener, org.springframework.test.context.support.DependencyInjectionTestExecutionListener, org.springframework.test.context.support.DirtiesContextTestExecutionListener, org.springframework.test.context.transaction.TransactionalTestExecutionListener, org.springframework.test.context.jdbc.SqlScriptsTestExecutionListener, org.springframework.test.context.event.EventPublishingTestExecutionListener]
2021-12-14 15:20:18.515  INFO 3333 --- [    Test worker] .b.t.a.w.s.WebMvcTestContextBootstrapper : Using TestExecutionListeners: [org.springframework.test.context.web.ServletTestExecutionListener@478cebdb, org.springframework.test.context.support.DirtiesContextBeforeModesTestExecutionListener@5464aeec, org.springframework.test.context.event.ApplicationEventsTestExecutionListener@1b3a95d9, org.springframework.boot.test.mock.mockito.MockitoTestExecutionListener@71f437d7, org.springframework.boot.test.autoconfigure.SpringBootDependencyInjectionTestExecutionListener@5186c801, org.springframework.test.context.support.DirtiesContextTestExecutionListener@20e41f13, org.springframework.test.context.transaction.TransactionalTestExecutionListener@6fbfd28b, org.springframework.test.context.jdbc.SqlScriptsTestExecutionListener@3fa50a24, org.springframework.security.test.context.support.WithSecurityContextTestExecutionListener@58041b11, org.springframework.test.context.event.EventPublishingTestExecutionListener@58189b85, org.springframework.security.test.context.support.ReactorContextTestExecutionListener@49222187, org.springframework.boot.test.autoconfigure.restdocs.RestDocsTestExecutionListener@5e41e6ad, org.springframework.boot.test.autoconfigure.web.client.MockRestServiceServerResetTestExecutionListener@2665a2e7, org.springframework.boot.test.autoconfigure.web.servlet.MockMvcPrintOnlyOnFailureTestExecutionListener@3abdc11d, org.springframework.boot.test.autoconfigure.web.servlet.WebDriverTestExecutionListener@624be1d4, org.springframework.boot.test.autoconfigure.webservices.client.MockWebServiceServerTestExecutionListener@336e17be, org.springframework.boot.test.mock.mockito.ResetMocksTestExecutionListener@3897f9ae]

  .   ____          _            __ _ _
 /\\ / ___'_ __ _ _(_)_ __  __ _ \ \ \ \
( ( )\___ | '_ | '_| | '_ \/ _` | \ \ \ \
 \\/  ___)| |_)| | | | | || (_| |  ) ) ) )
  '  |____| .__|_| |_|_| |_\__, | / / / /
 =========|_|==============|___/=/_/_/_/
 :: Spring Boot ::                (v2.6.1)

2021-12-14 15:20:18.641  INFO 3333 --- [    Test worker] c.l.s.s.web.HelloControllerTest          : Starting HelloControllerTest using Java 1.8.0_292 on lipacoiiMacmini with PID 3333 (started by jiinsu in /Users/jiinsu/study/slowstory)
2021-12-14 15:20:18.641  INFO 3333 --- [    Test worker] c.l.s.s.web.HelloControllerTest          : No active profile set, falling back to default profiles: default
2021-12-14 15:20:19.429  INFO 3333 --- [    Test worker] o.s.b.a.w.s.WelcomePageHandlerMapping    : Adding welcome page template: index
2021-12-14 15:20:19.788  INFO 3333 --- [    Test worker] o.s.s.web.DefaultSecurityFilterChain     : Will secure any request with [org.springframework.security.web.context.request.async.WebAsyncManagerIntegrationFilter@1b120d48, org.springframework.security.web.context.SecurityContextPersistenceFilter@4feaa4b8, org.springframework.security.web.header.HeaderWriterFilter@443b6765, org.springframework.security.web.csrf.CsrfFilter@166a5659, org.springframework.security.web.authentication.logout.LogoutFilter@49770ef9, org.springframework.security.oauth2.client.web.OAuth2AuthorizationRequestRedirectFilter@21b2579d, org.springframework.security.oauth2.client.web.OAuth2AuthorizationRequestRedirectFilter@796613b7, org.springframework.security.oauth2.client.web.OAuth2LoginAuthenticationFilter@87f1201, org.springframework.security.web.authentication.ui.DefaultLoginPageGeneratingFilter@6a261998, org.springframework.security.web.authentication.ui.DefaultLogoutPageGeneratingFilter@236f3885, org.springframework.security.web.savedrequest.RequestCacheAwareFilter@4c6eaa65, org.springframework.security.web.servletapi.SecurityContextHolderAwareRequestFilter@53f1fcc2, org.springframework.security.web.authentication.AnonymousAuthenticationFilter@14ee143a, org.springframework.security.oauth2.client.web.OAuth2AuthorizationCodeGrantFilter@34c07ecc, org.springframework.security.web.session.SessionManagementFilter@a72925, org.springframework.security.web.access.ExceptionTranslationFilter@33060020, org.springframework.security.web.access.intercept.FilterSecurityInterceptor@539bb233]
2021-12-14 15:20:19.888  INFO 3333 --- [    Test worker] o.s.b.t.m.w.SpringBootMockServletContext : Initializing Spring TestDispatcherServlet ''
2021-12-14 15:20:19.889  INFO 3333 --- [    Test worker] o.s.t.web.servlet.TestDispatcherServlet  : Initializing Servlet ''
2021-12-14 15:20:19.890  INFO 3333 --- [    Test worker] o.s.t.web.servlet.TestDispatcherServlet  : Completed initialization in 0 ms
2021-12-14 15:20:19.914  INFO 3333 --- [    Test worker] c.l.s.s.web.HelloControllerTest          : Started HelloControllerTest in 1.387 seconds (JVM running for 17.397)
]]></system-out>
  <system-err><![CDATA[]]></system-err>
</testsuite>
