<?xml version="1.0" encoding="UTF-8"?>
<testsuite name="com.lipaco.slowstory.springboot.web.HelloResponseDtoTest" tests="1" skipped="0" failures="0" errors="0" timestamp="2021-12-14T02:44:48" hostname="lipaco-insuui-Macmini.local" time="0.004">
  <properties/>
  <testcase name="롬복_기능_테스트()" classname="com.lipaco.slowstory.springboot.web.HelloResponseDtoTest" time="0.004"/>
  <system-out><![CDATA[]]></system-out>
  <system-err><![CDATA[]]></system-err>
</testsuite>
