<?xml version="1.0" encoding="UTF-8"?>
<testsuite name="com.lipaco.slowstory.springboot.web.IndexControllerTest" tests="1" skipped="0" failures="0" errors="0" timestamp="2021-12-14T06:20:23" hostname="lipacoiiMacmini" time="0.007">
  <properties/>
  <testcase name="메인페이지_로딩()" classname="com.lipaco.slowstory.springboot.web.IndexControllerTest" time="0.007"/>
  <system-out><![CDATA[2021-12-14 15:20:20.211  INFO 3333 --- [    Test worker] .b.t.c.SpringBootTestContextBootstrapper : Neither @ContextConfiguration nor @ContextHierarchy found for test class [com.lipaco.slowstory.springboot.web.IndexControllerTest], using SpringBootContextLoader
2021-12-14 15:20:20.216  INFO 3333 --- [    Test worker] o.s.t.c.support.AbstractContextLoader    : Could not detect default resource locations for test class [com.lipaco.slowstory.springboot.web.IndexControllerTest]: no resource found for suffixes {-context.xml, Context.groovy}.
2021-12-14 15:20:20.217  INFO 3333 --- [    Test worker] t.c.s.AnnotationConfigContextLoaderUtils : Could not detect default configuration classes for test class [com.lipaco.slowstory.springboot.web.IndexControllerTest]: IndexControllerTest does not declare any static, non-private, non-final, nested classes annotated with @Configuration.
2021-12-14 15:20:20.225  INFO 3333 --- [    Test worker] .b.t.c.SpringBootTestContextBootstrapper : Found @SpringBootConfiguration com.lipaco.slowstory.springboot.Application for test class com.lipaco.slowstory.springboot.web.IndexControllerTest
2021-12-14 15:20:20.232  INFO 3333 --- [    Test worker] .b.t.c.SpringBootTestContextBootstrapper : Loaded default TestExecutionListener class names from location [META-INF/spring.factories]: [org.springframework.security.test.context.support.WithSecurityContextTestExecutionListener, org.springframework.security.test.context.support.ReactorContextTestExecutionListener, org.springframework.boot.test.autoconfigure.restdocs.RestDocsTestExecutionListener, org.springframework.boot.test.autoconfigure.web.client.MockRestServiceServerResetTestExecutionListener, org.springframework.boot.test.autoconfigure.web.servlet.MockMvcPrintOnlyOnFailureTestExecutionListener, org.springframework.boot.test.autoconfigure.web.servlet.WebDriverTestExecutionListener, org.springframework.boot.test.autoconfigure.webservices.client.MockWebServiceServerTestExecutionListener, org.springframework.boot.test.mock.mockito.MockitoTestExecutionListener, org.springframework.boot.test.mock.mockito.ResetMocksTestExecutionListener, org.springframework.test.context.web.ServletTestExecutionListener, org.springframework.test.context.support.DirtiesContextBeforeModesTestExecutionListener, org.springframework.test.context.event.ApplicationEventsTestExecutionListener, org.springframework.test.context.support.DependencyInjectionTestExecutionListener, org.springframework.test.context.support.DirtiesContextTestExecutionListener, org.springframework.test.context.transaction.TransactionalTestExecutionListener, org.springframework.test.context.jdbc.SqlScriptsTestExecutionListener, org.springframework.test.context.event.EventPublishingTestExecutionListener]
2021-12-14 15:20:20.235  INFO 3333 --- [    Test worker] .b.t.c.SpringBootTestContextBootstrapper : Using TestExecutionListeners: [org.springframework.test.context.web.ServletTestExecutionListener@501b296a, org.springframework.test.context.support.DirtiesContextBeforeModesTestExecutionListener@4202276, org.springframework.test.context.event.ApplicationEventsTestExecutionListener@2053b761, org.springframework.boot.test.mock.mockito.MockitoTestExecutionListener@34588991, org.springframework.boot.test.autoconfigure.SpringBootDependencyInjectionTestExecutionListener@3d01b609, org.springframework.test.context.support.DirtiesContextTestExecutionListener@38b7004d, org.springframework.test.context.transaction.TransactionalTestExecutionListener@5e25085, org.springframework.test.context.jdbc.SqlScriptsTestExecutionListener@758655a9, org.springframework.security.test.context.support.WithSecurityContextTestExecutionListener@458704ee, org.springframework.test.context.event.EventPublishingTestExecutionListener@45b2d17b, org.springframework.security.test.context.support.ReactorContextTestExecutionListener@5243d730, org.springframework.boot.test.autoconfigure.restdocs.RestDocsTestExecutionListener@15afebcc, org.springframework.boot.test.autoconfigure.web.client.MockRestServiceServerResetTestExecutionListener@68722de3, org.springframework.boot.test.autoconfigure.web.servlet.MockMvcPrintOnlyOnFailureTestExecutionListener@3b18009f, org.springframework.boot.test.autoconfigure.web.servlet.WebDriverTestExecutionListener@77aeba9b, org.springframework.boot.test.autoconfigure.webservices.client.MockWebServiceServerTestExecutionListener@1db5de29, org.springframework.boot.test.mock.mockito.ResetMocksTestExecutionListener@64d1f549]

  .   ____          _            __ _ _
 /\\ / ___'_ __ _ _(_)_ __  __ _ \ \ \ \
( ( )\___ | '_ | '_| | '_ \/ _` | \ \ \ \
 \\/  ___)| |_)| | | | | || (_| |  ) ) ) )
  '  |____| .__|_| |_|_| |_\__, | / / / /
 =========|_|==============|___/=/_/_/_/
 :: Spring Boot ::                (v2.6.1)

2021-12-14 15:20:20.363  INFO 3333 --- [    Test worker] c.l.s.s.web.IndexControllerTest          : Starting IndexControllerTest using Java 1.8.0_292 on lipacoiiMacmini with PID 3333 (started by jiinsu in /Users/jiinsu/study/slowstory)
2021-12-14 15:20:20.367  INFO 3333 --- [    Test worker] c.l.s.s.web.IndexControllerTest          : No active profile set, falling back to default profiles: default
2021-12-14 15:20:20.719  INFO 3333 --- [    Test worker] .s.d.r.c.RepositoryConfigurationDelegate : Bootstrapping Spring Data JPA repositories in DEFAULT mode.
2021-12-14 15:20:20.744  INFO 3333 --- [    Test worker] .s.d.r.c.RepositoryConfigurationDelegate : Finished Spring Data repository scanning in 24 ms. Found 2 JPA repository interfaces.
2021-12-14 15:20:21.211  INFO 3333 --- [    Test worker] o.s.b.w.embedded.tomcat.TomcatWebServer  : Tomcat initialized with port(s): 0 (http)
2021-12-14 15:20:21.229  INFO 3333 --- [    Test worker] o.apache.catalina.core.StandardService   : Starting service [Tomcat]
2021-12-14 15:20:21.229  INFO 3333 --- [    Test worker] org.apache.catalina.core.StandardEngine  : Starting Servlet engine: [Apache Tomcat/9.0.55]
2021-12-14 15:20:21.361  INFO 3333 --- [    Test worker] o.a.c.c.C.[Tomcat].[localhost].[/]       : Initializing Spring embedded WebApplicationContext
2021-12-14 15:20:21.361  INFO 3333 --- [    Test worker] w.s.c.ServletWebServerApplicationContext : Root WebApplicationContext: initialization completed in 983 ms
2021-12-14 15:20:21.545  INFO 3333 --- [    Test worker] com.zaxxer.hikari.HikariDataSource       : HikariPool-3 - Starting...
2021-12-14 15:20:21.551  INFO 3333 --- [    Test worker] com.zaxxer.hikari.HikariDataSource       : HikariPool-3 - Start completed.
2021-12-14 15:20:21.633  INFO 3333 --- [    Test worker] o.hibernate.jpa.internal.util.LogHelper  : HHH000204: Processing PersistenceUnitInfo [name: default]
2021-12-14 15:20:21.640  INFO 3333 --- [    Test worker] org.hibernate.dialect.Dialect            : HHH000400: Using dialect: org.hibernate.dialect.H2Dialect
Hibernate: drop table if exists posts CASCADE 
Hibernate: drop table if exists user CASCADE 
Hibernate: create table posts (id bigint generated by default as identity, created_date timestamp, modified_date timestamp, author varchar(255), content TEXT not null, title varchar(500) not null, primary key (id))
Hibernate: create table user (id bigint generated by default as identity, created_date timestamp, modified_date timestamp, email varchar(255) not null, name varchar(255) not null, picture varchar(255), role varchar(255) not null, primary key (id))
2021-12-14 15:20:21.876  INFO 3333 --- [    Test worker] o.h.e.t.j.p.i.JtaPlatformInitiator       : HHH000490: Using JtaPlatform implementation: [org.hibernate.engine.transaction.jta.platform.internal.NoJtaPlatform]
2021-12-14 15:20:21.877  INFO 3333 --- [    Test worker] j.LocalContainerEntityManagerFactoryBean : Initialized JPA EntityManagerFactory for persistence unit 'default'
2021-12-14 15:20:22.387  WARN 3333 --- [    Test worker] JpaBaseConfiguration$JpaWebConfiguration : spring.jpa.open-in-view is enabled by default. Therefore, database queries may be performed during view rendering. Explicitly configure spring.jpa.open-in-view to disable this warning
2021-12-14 15:20:22.571  INFO 3333 --- [    Test worker] o.s.s.web.DefaultSecurityFilterChain     : Will secure any request with [org.springframework.security.web.context.request.async.WebAsyncManagerIntegrationFilter@58267ba1, org.springframework.security.web.context.SecurityContextPersistenceFilter@6fd07a56, org.springframework.security.web.header.HeaderWriterFilter@17d83fe4, org.springframework.security.web.authentication.logout.LogoutFilter@5cd2adc7, org.springframework.security.oauth2.client.web.OAuth2AuthorizationRequestRedirectFilter@1db565f2, org.springframework.security.oauth2.client.web.OAuth2LoginAuthenticationFilter@1c0a143, org.springframework.security.web.authentication.ui.DefaultLoginPageGeneratingFilter@e60c466, org.springframework.security.web.authentication.ui.DefaultLogoutPageGeneratingFilter@e356940, org.springframework.security.web.savedrequest.RequestCacheAwareFilter@1315befe, org.springframework.security.web.servletapi.SecurityContextHolderAwareRequestFilter@45649467, org.springframework.security.web.authentication.AnonymousAuthenticationFilter@38991781, org.springframework.security.web.session.SessionManagementFilter@7d76d72a, org.springframework.security.web.access.ExceptionTranslationFilter@3b38f032, org.springframework.security.web.access.intercept.FilterSecurityInterceptor@76641439]
2021-12-14 15:20:22.726  INFO 3333 --- [    Test worker] o.s.b.a.w.s.WelcomePageHandlerMapping    : Adding welcome page template: index
2021-12-14 15:20:23.025  INFO 3333 --- [    Test worker] o.s.b.w.embedded.tomcat.TomcatWebServer  : Tomcat started on port(s): 54443 (http) with context path ''
2021-12-14 15:20:23.036  INFO 3333 --- [    Test worker] s.a.ScheduledAnnotationBeanPostProcessor : No TaskScheduler/ScheduledExecutorService bean found for scheduled processing
2021-12-14 15:20:23.038  INFO 3333 --- [    Test worker] c.l.s.s.web.IndexControllerTest          : Started IndexControllerTest in 2.795 seconds (JVM running for 20.521)
]]></system-out>
  <system-err><![CDATA[]]></system-err>
</testsuite>
