<?xml version="1.0" encoding="UTF-8"?>
<testsuite name="com.lipaco.slowstory.springboot.domain.posts.PostsRepositoryTest" tests="2" skipped="0" failures="0" errors="0" timestamp="2021-12-14T02:44:31" hostname="lipaco-insuui-Macmini.local" time="0.347">
  <properties/>
  <testcase name="게시글저장_불러오기()" classname="com.lipaco.slowstory.springboot.domain.posts.PostsRepositoryTest" time="0.326"/>
  <testcase name="BaseTimeEntity_등록()" classname="com.lipaco.slowstory.springboot.domain.posts.PostsRepositoryTest" time="0.014"/>
  <system-out><![CDATA[2021-12-14 11:44:14.977  INFO 1649 --- [    Test worker] .b.t.c.SpringBootTestContextBootstrapper : Neither @ContextConfiguration nor @ContextHierarchy found for test class [com.lipaco.slowstory.springboot.domain.posts.PostsRepositoryTest], using SpringBootContextLoader
2021-12-14 11:44:14.981  INFO 1649 --- [    Test worker] o.s.t.c.support.AbstractContextLoader    : Could not detect default resource locations for test class [com.lipaco.slowstory.springboot.domain.posts.PostsRepositoryTest]: no resource found for suffixes {-context.xml, Context.groovy}.
2021-12-14 11:44:14.982  INFO 1649 --- [    Test worker] t.c.s.AnnotationConfigContextLoaderUtils : Could not detect default configuration classes for test class [com.lipaco.slowstory.springboot.domain.posts.PostsRepositoryTest]: PostsRepositoryTest does not declare any static, non-private, non-final, nested classes annotated with @Configuration.
2021-12-14 11:44:15.004  INFO 1649 --- [    Test worker] .b.t.c.SpringBootTestContextBootstrapper : Found @SpringBootConfiguration com.lipaco.slowstory.springboot.Application for test class com.lipaco.slowstory.springboot.domain.posts.PostsRepositoryTest
2021-12-14 11:44:15.010  INFO 1649 --- [    Test worker] .b.t.c.SpringBootTestContextBootstrapper : Loaded default TestExecutionListener class names from location [META-INF/spring.factories]: [org.springframework.security.test.context.support.WithSecurityContextTestExecutionListener, org.springframework.security.test.context.support.ReactorContextTestExecutionListener, org.springframework.boot.test.autoconfigure.restdocs.RestDocsTestExecutionListener, org.springframework.boot.test.autoconfigure.web.client.MockRestServiceServerResetTestExecutionListener, org.springframework.boot.test.autoconfigure.web.servlet.MockMvcPrintOnlyOnFailureTestExecutionListener, org.springframework.boot.test.autoconfigure.web.servlet.WebDriverTestExecutionListener, org.springframework.boot.test.autoconfigure.webservices.client.MockWebServiceServerTestExecutionListener, org.springframework.boot.test.mock.mockito.MockitoTestExecutionListener, org.springframework.boot.test.mock.mockito.ResetMocksTestExecutionListener, org.springframework.test.context.web.ServletTestExecutionListener, org.springframework.test.context.support.DirtiesContextBeforeModesTestExecutionListener, org.springframework.test.context.event.ApplicationEventsTestExecutionListener, org.springframework.test.context.support.DependencyInjectionTestExecutionListener, org.springframework.test.context.support.DirtiesContextTestExecutionListener, org.springframework.test.context.transaction.TransactionalTestExecutionListener, org.springframework.test.context.jdbc.SqlScriptsTestExecutionListener, org.springframework.test.context.event.EventPublishingTestExecutionListener]
2021-12-14 11:44:15.011  INFO 1649 --- [    Test worker] .b.t.c.SpringBootTestContextBootstrapper : Using TestExecutionListeners: [org.springframework.test.context.web.ServletTestExecutionListener@15a8bbe5, org.springframework.test.context.support.DirtiesContextBeforeModesTestExecutionListener@3369e2ce, org.springframework.test.context.event.ApplicationEventsTestExecutionListener@5f26cb8b, org.springframework.boot.test.mock.mockito.MockitoTestExecutionListener@3a2a56f6, org.springframework.boot.test.autoconfigure.SpringBootDependencyInjectionTestExecutionListener@6a8da5c5, org.springframework.test.context.support.DirtiesContextTestExecutionListener@160e45c8, org.springframework.test.context.transaction.TransactionalTestExecutionListener@7f9dbe11, org.springframework.test.context.jdbc.SqlScriptsTestExecutionListener@17e8caf2, org.springframework.security.test.context.support.WithSecurityContextTestExecutionListener@104cf647, org.springframework.test.context.event.EventPublishingTestExecutionListener@7488c183, org.springframework.security.test.context.support.ReactorContextTestExecutionListener@66779435, org.springframework.boot.test.autoconfigure.restdocs.RestDocsTestExecutionListener@37196d53, org.springframework.boot.test.autoconfigure.web.client.MockRestServiceServerResetTestExecutionListener@40105b39, org.springframework.boot.test.autoconfigure.web.servlet.MockMvcPrintOnlyOnFailureTestExecutionListener@72a61e61, org.springframework.boot.test.autoconfigure.web.servlet.WebDriverTestExecutionListener@282aea3c, org.springframework.boot.test.autoconfigure.webservices.client.MockWebServiceServerTestExecutionListener@54a5799f, org.springframework.boot.test.mock.mockito.ResetMocksTestExecutionListener@162e29a1]

  .   ____          _            __ _ _
 /\\ / ___'_ __ _ _(_)_ __  __ _ \ \ \ \
( ( )\___ | '_ | '_| | '_ \/ _` | \ \ \ \
 \\/  ___)| |_)| | | | | || (_| |  ) ) ) )
  '  |____| .__|_| |_|_| |_\__, | / / / /
 =========|_|==============|___/=/_/_/_/
 :: Spring Boot ::                (v2.6.1)

2021-12-14 11:44:25.092  WARN 1649 --- [    Test worker] o.s.boot.StartupInfoLogger               : InetAddress.getLocalHost().getHostName() took 5004 milliseconds to respond. Please verify your network configuration (macOS machines may need to add entries to /etc/hosts).
2021-12-14 11:44:30.104  INFO 1649 --- [    Test worker] c.l.s.s.d.posts.PostsRepositoryTest      : Starting PostsRepositoryTest using Java 1.8.0_292 on lipaco-insuui-Macmini.local with PID 1649 (started by jiinsu in /Users/jiinsu/study/slowstory)
2021-12-14 11:44:30.105  INFO 1649 --- [    Test worker] c.l.s.s.d.posts.PostsRepositoryTest      : No active profile set, falling back to default profiles: default
2021-12-14 11:44:30.392  INFO 1649 --- [    Test worker] .s.d.r.c.RepositoryConfigurationDelegate : Bootstrapping Spring Data JPA repositories in DEFAULT mode.
2021-12-14 11:44:30.420  INFO 1649 --- [    Test worker] .s.d.r.c.RepositoryConfigurationDelegate : Finished Spring Data repository scanning in 25 ms. Found 2 JPA repository interfaces.
2021-12-14 11:44:30.635  INFO 1649 --- [    Test worker] com.zaxxer.hikari.HikariDataSource       : HikariPool-3 - Starting...
2021-12-14 11:44:30.640  INFO 1649 --- [    Test worker] com.zaxxer.hikari.HikariDataSource       : HikariPool-3 - Start completed.
2021-12-14 11:44:30.731  INFO 1649 --- [    Test worker] o.hibernate.jpa.internal.util.LogHelper  : HHH000204: Processing PersistenceUnitInfo [name: default]
2021-12-14 11:44:30.740  INFO 1649 --- [    Test worker] org.hibernate.dialect.Dialect            : HHH000400: Using dialect: org.hibernate.dialect.H2Dialect
Hibernate: drop table if exists posts CASCADE 
Hibernate: drop table if exists user CASCADE 
Hibernate: create table posts (id bigint generated by default as identity, created_date timestamp, modified_date timestamp, author varchar(255), content TEXT not null, title varchar(500) not null, primary key (id))
Hibernate: create table user (id bigint generated by default as identity, created_date timestamp, modified_date timestamp, email varchar(255) not null, name varchar(255) not null, picture varchar(255), role varchar(255) not null, primary key (id))
2021-12-14 11:44:30.861  INFO 1649 --- [    Test worker] o.h.e.t.j.p.i.JtaPlatformInitiator       : HHH000490: Using JtaPlatform implementation: [org.hibernate.engine.transaction.jta.platform.internal.NoJtaPlatform]
2021-12-14 11:44:30.862  INFO 1649 --- [    Test worker] j.LocalContainerEntityManagerFactoryBean : Initialized JPA EntityManagerFactory for persistence unit 'default'
2021-12-14 11:44:31.008  WARN 1649 --- [    Test worker] JpaBaseConfiguration$JpaWebConfiguration : spring.jpa.open-in-view is enabled by default. Therefore, database queries may be performed during view rendering. Explicitly configure spring.jpa.open-in-view to disable this warning
2021-12-14 11:44:31.167  INFO 1649 --- [    Test worker] o.s.s.web.DefaultSecurityFilterChain     : Will secure any request with [org.springframework.security.web.context.request.async.WebAsyncManagerIntegrationFilter@70f8d217, org.springframework.security.web.context.SecurityContextPersistenceFilter@4724b2c1, org.springframework.security.web.header.HeaderWriterFilter@7bb86ac, org.springframework.security.web.authentication.logout.LogoutFilter@2148b47e, org.springframework.security.oauth2.client.web.OAuth2AuthorizationRequestRedirectFilter@7f958d4a, org.springframework.security.oauth2.client.web.OAuth2LoginAuthenticationFilter@6af29394, org.springframework.security.web.authentication.ui.DefaultLoginPageGeneratingFilter@537a8915, org.springframework.security.web.authentication.ui.DefaultLogoutPageGeneratingFilter@528c4353, org.springframework.security.web.savedrequest.RequestCacheAwareFilter@426a4301, org.springframework.security.web.servletapi.SecurityContextHolderAwareRequestFilter@193f3306, org.springframework.security.web.authentication.AnonymousAuthenticationFilter@1a06b95, org.springframework.security.web.session.SessionManagementFilter@33bf2602, org.springframework.security.web.access.ExceptionTranslationFilter@59db8216, org.springframework.security.web.access.intercept.FilterSecurityInterceptor@509e4902]
2021-12-14 11:44:31.449  INFO 1649 --- [    Test worker] o.s.b.a.w.s.WelcomePageHandlerMapping    : Adding welcome page template: index
2021-12-14 11:44:31.695  INFO 1649 --- [    Test worker] s.a.ScheduledAnnotationBeanPostProcessor : No TaskScheduler/ScheduledExecutorService bean found for scheduled processing
2021-12-14 11:44:31.700  INFO 1649 --- [    Test worker] c.l.s.s.d.posts.PostsRepositoryTest      : Started PostsRepositoryTest in 16.678 seconds (JVM running for 67.351)
Hibernate: insert into posts (id, created_date, modified_date, author, content, title) values (null, ?, ?, ?, ?, ?)
Hibernate: select posts0_.id as id1_0_, posts0_.created_date as created_2_0_, posts0_.modified_date as modified3_0_, posts0_.author as author4_0_, posts0_.content as content5_0_, posts0_.title as title6_0_ from posts posts0_
Hibernate: select posts0_.id as id1_0_, posts0_.created_date as created_2_0_, posts0_.modified_date as modified3_0_, posts0_.author as author4_0_, posts0_.content as content5_0_, posts0_.title as title6_0_ from posts posts0_
Hibernate: delete from posts where id=?
Hibernate: insert into posts (id, created_date, modified_date, author, content, title) values (null, ?, ?, ?, ?, ?)
Hibernate: select posts0_.id as id1_0_, posts0_.created_date as created_2_0_, posts0_.modified_date as modified3_0_, posts0_.author as author4_0_, posts0_.content as content5_0_, posts0_.title as title6_0_ from posts posts0_
createDate=2021-12-14T11:44:32.057modifiedDate=2021-12-14T11:44:32.057
Hibernate: select posts0_.id as id1_0_, posts0_.created_date as created_2_0_, posts0_.modified_date as modified3_0_, posts0_.author as author4_0_, posts0_.content as content5_0_, posts0_.title as title6_0_ from posts posts0_
Hibernate: delete from posts where id=?
]]></system-out>
  <system-err><![CDATA[]]></system-err>
</testsuite>
