<?xml version="1.0" encoding="UTF-8"?>
<testsuite name="com.lipaco.slowstory.springboot.web.PostsApiControllerTest" tests="2" skipped="0" failures="0" errors="0" timestamp="2021-12-14T02:44:48" hostname="lipaco-insuui-Macmini.local" time="0.398">
  <properties/>
  <testcase name="Posts_등록된다()" classname="com.lipaco.slowstory.springboot.web.PostsApiControllerTest" time="0.146"/>
  <testcase name="Posts_수정된다()" classname="com.lipaco.slowstory.springboot.web.PostsApiControllerTest" time="0.249"/>
  <system-out><![CDATA[2021-12-14 11:44:48.148  INFO 1649 --- [    Test worker] .b.t.c.SpringBootTestContextBootstrapper : Neither @ContextConfiguration nor @ContextHierarchy found for test class [com.lipaco.slowstory.springboot.web.PostsApiControllerTest], using SpringBootContextLoader
2021-12-14 11:44:48.149  INFO 1649 --- [    Test worker] o.s.t.c.support.AbstractContextLoader    : Could not detect default resource locations for test class [com.lipaco.slowstory.springboot.web.PostsApiControllerTest]: no resource found for suffixes {-context.xml, Context.groovy}.
2021-12-14 11:44:48.149  INFO 1649 --- [    Test worker] t.c.s.AnnotationConfigContextLoaderUtils : Could not detect default configuration classes for test class [com.lipaco.slowstory.springboot.web.PostsApiControllerTest]: PostsApiControllerTest does not declare any static, non-private, non-final, nested classes annotated with @Configuration.
2021-12-14 11:44:48.153  INFO 1649 --- [    Test worker] .b.t.c.SpringBootTestContextBootstrapper : Found @SpringBootConfiguration com.lipaco.slowstory.springboot.Application for test class com.lipaco.slowstory.springboot.web.PostsApiControllerTest
2021-12-14 11:44:48.155  INFO 1649 --- [    Test worker] .b.t.c.SpringBootTestContextBootstrapper : Loaded default TestExecutionListener class names from location [META-INF/spring.factories]: [org.springframework.security.test.context.support.WithSecurityContextTestExecutionListener, org.springframework.security.test.context.support.ReactorContextTestExecutionListener, org.springframework.boot.test.autoconfigure.restdocs.RestDocsTestExecutionListener, org.springframework.boot.test.autoconfigure.web.client.MockRestServiceServerResetTestExecutionListener, org.springframework.boot.test.autoconfigure.web.servlet.MockMvcPrintOnlyOnFailureTestExecutionListener, org.springframework.boot.test.autoconfigure.web.servlet.WebDriverTestExecutionListener, org.springframework.boot.test.autoconfigure.webservices.client.MockWebServiceServerTestExecutionListener, org.springframework.boot.test.mock.mockito.MockitoTestExecutionListener, org.springframework.boot.test.mock.mockito.ResetMocksTestExecutionListener, org.springframework.test.context.web.ServletTestExecutionListener, org.springframework.test.context.support.DirtiesContextBeforeModesTestExecutionListener, org.springframework.test.context.event.ApplicationEventsTestExecutionListener, org.springframework.test.context.support.DependencyInjectionTestExecutionListener, org.springframework.test.context.support.DirtiesContextTestExecutionListener, org.springframework.test.context.transaction.TransactionalTestExecutionListener, org.springframework.test.context.jdbc.SqlScriptsTestExecutionListener, org.springframework.test.context.event.EventPublishingTestExecutionListener]
2021-12-14 11:44:48.157  INFO 1649 --- [    Test worker] .b.t.c.SpringBootTestContextBootstrapper : Using TestExecutionListeners: [org.springframework.test.context.web.ServletTestExecutionListener@23b3afb4, org.springframework.test.context.support.DirtiesContextBeforeModesTestExecutionListener@2162598, org.springframework.test.context.event.ApplicationEventsTestExecutionListener@3cf1b5fb, org.springframework.boot.test.mock.mockito.MockitoTestExecutionListener@4598961d, org.springframework.boot.test.autoconfigure.SpringBootDependencyInjectionTestExecutionListener@7be85f15, org.springframework.test.context.support.DirtiesContextTestExecutionListener@48619f15, org.springframework.test.context.transaction.TransactionalTestExecutionListener@790ea58f, org.springframework.test.context.jdbc.SqlScriptsTestExecutionListener@78a7fccd, org.springframework.security.test.context.support.WithSecurityContextTestExecutionListener@410e043b, org.springframework.test.context.event.EventPublishingTestExecutionListener@5d3a238, org.springframework.security.test.context.support.ReactorContextTestExecutionListener@9fd5dd0, org.springframework.boot.test.autoconfigure.restdocs.RestDocsTestExecutionListener@4e7b89b6, org.springframework.boot.test.autoconfigure.web.client.MockRestServiceServerResetTestExecutionListener@7f65639e, org.springframework.boot.test.autoconfigure.web.servlet.MockMvcPrintOnlyOnFailureTestExecutionListener@673fdc28, org.springframework.boot.test.autoconfigure.web.servlet.WebDriverTestExecutionListener@4cf1ec2, org.springframework.boot.test.autoconfigure.webservices.client.MockWebServiceServerTestExecutionListener@16eb01d4, org.springframework.boot.test.mock.mockito.ResetMocksTestExecutionListener@4246f904]
2021-12-14 11:44:48.180  INFO 1649 --- [    Test worker] o.a.c.c.C.[Tomcat].[localhost].[/]       : Initializing Spring TestDispatcherServlet ''
2021-12-14 11:44:48.181  INFO 1649 --- [    Test worker] o.s.t.web.servlet.TestDispatcherServlet  : Initializing Servlet ''
2021-12-14 11:44:48.181  INFO 1649 --- [    Test worker] o.s.t.web.servlet.TestDispatcherServlet  : Completed initialization in 0 ms
Hibernate: insert into posts (id, created_date, modified_date, author, content, title) values (null, ?, ?, ?, ?, ?)
Hibernate: select posts0_.id as id1_0_, posts0_.created_date as created_2_0_, posts0_.modified_date as modified3_0_, posts0_.author as author4_0_, posts0_.content as content5_0_, posts0_.title as title6_0_ from posts posts0_
Hibernate: select posts0_.id as id1_0_, posts0_.created_date as created_2_0_, posts0_.modified_date as modified3_0_, posts0_.author as author4_0_, posts0_.content as content5_0_, posts0_.title as title6_0_ from posts posts0_
Hibernate: delete from posts where id=?
2021-12-14 11:44:48.326  INFO 1649 --- [    Test worker] o.a.c.c.C.[Tomcat].[localhost].[/]       : Initializing Spring TestDispatcherServlet ''
2021-12-14 11:44:48.326  INFO 1649 --- [    Test worker] o.s.t.web.servlet.TestDispatcherServlet  : Initializing Servlet ''
2021-12-14 11:44:48.326  INFO 1649 --- [    Test worker] o.s.t.web.servlet.TestDispatcherServlet  : Completed initialization in 0 ms
Hibernate: insert into posts (id, created_date, modified_date, author, content, title) values (null, ?, ?, ?, ?, ?)
2021-12-14 11:44:48.460  INFO 1649 --- [o-auto-1-exec-1] o.a.c.c.C.[Tomcat].[localhost].[/]       : Initializing Spring DispatcherServlet 'dispatcherServlet'
2021-12-14 11:44:48.462  INFO 1649 --- [o-auto-1-exec-1] o.s.web.servlet.DispatcherServlet        : Initializing Servlet 'dispatcherServlet'
2021-12-14 11:44:48.464  INFO 1649 --- [o-auto-1-exec-1] o.s.web.servlet.DispatcherServlet        : Completed initialization in 1 ms
Hibernate: select posts0_.id as id1_0_0_, posts0_.created_date as created_2_0_0_, posts0_.modified_date as modified3_0_0_, posts0_.author as author4_0_0_, posts0_.content as content5_0_0_, posts0_.title as title6_0_0_ from posts posts0_ where posts0_.id=?
Hibernate: update posts set created_date=?, modified_date=?, author=?, content=?, title=? where id=?
Hibernate: select posts0_.id as id1_0_, posts0_.created_date as created_2_0_, posts0_.modified_date as modified3_0_, posts0_.author as author4_0_, posts0_.content as content5_0_, posts0_.title as title6_0_ from posts posts0_
Hibernate: select posts0_.id as id1_0_, posts0_.created_date as created_2_0_, posts0_.modified_date as modified3_0_, posts0_.author as author4_0_, posts0_.content as content5_0_, posts0_.title as title6_0_ from posts posts0_
Hibernate: delete from posts where id=?
]]></system-out>
  <system-err><![CDATA[]]></system-err>
</testsuite>
