<?xml version="1.0" encoding="UTF-8"?>
<testsuite name="com.lipaco.slowstory.springboot.domain.posts.PostsRepositoryTest" tests="2" skipped="0" failures="0" errors="0" timestamp="2021-12-09T02:49:34" hostname="lipaco-insuui-Macmini.local" time="0.486">
  <properties/>
  <testcase name="게시글저장_불러오기()" classname="com.lipaco.slowstory.springboot.domain.posts.PostsRepositoryTest" time="0.46"/>
  <testcase name="BaseTimeEntity_등록()" classname="com.lipaco.slowstory.springboot.domain.posts.PostsRepositoryTest" time="0.017"/>
  <system-out><![CDATA[2021-12-09 11:49:07.115  INFO 70320 --- [    Test worker] .b.t.c.SpringBootTestContextBootstrapper : Neither @ContextConfiguration nor @ContextHierarchy found for test class [com.lipaco.slowstory.springboot.domain.posts.PostsRepositoryTest], using SpringBootContextLoader
2021-12-09 11:49:07.117  INFO 70320 --- [    Test worker] o.s.t.c.support.AbstractContextLoader    : Could not detect default resource locations for test class [com.lipaco.slowstory.springboot.domain.posts.PostsRepositoryTest]: no resource found for suffixes {-context.xml, Context.groovy}.
2021-12-09 11:49:07.117  INFO 70320 --- [    Test worker] t.c.s.AnnotationConfigContextLoaderUtils : Could not detect default configuration classes for test class [com.lipaco.slowstory.springboot.domain.posts.PostsRepositoryTest]: PostsRepositoryTest does not declare any static, non-private, non-final, nested classes annotated with @Configuration.
2021-12-09 11:49:07.168  INFO 70320 --- [    Test worker] .b.t.c.SpringBootTestContextBootstrapper : Found @SpringBootConfiguration com.lipaco.slowstory.springboot.Application for test class com.lipaco.slowstory.springboot.domain.posts.PostsRepositoryTest
2021-12-09 11:49:07.180  INFO 70320 --- [    Test worker] .b.t.c.SpringBootTestContextBootstrapper : Loaded default TestExecutionListener class names from location [META-INF/spring.factories]: [org.springframework.security.test.context.support.WithSecurityContextTestExecutionListener, org.springframework.security.test.context.support.ReactorContextTestExecutionListener, org.springframework.boot.test.autoconfigure.restdocs.RestDocsTestExecutionListener, org.springframework.boot.test.autoconfigure.web.client.MockRestServiceServerResetTestExecutionListener, org.springframework.boot.test.autoconfigure.web.servlet.MockMvcPrintOnlyOnFailureTestExecutionListener, org.springframework.boot.test.autoconfigure.web.servlet.WebDriverTestExecutionListener, org.springframework.boot.test.autoconfigure.webservices.client.MockWebServiceServerTestExecutionListener, org.springframework.boot.test.mock.mockito.MockitoTestExecutionListener, org.springframework.boot.test.mock.mockito.ResetMocksTestExecutionListener, org.springframework.test.context.web.ServletTestExecutionListener, org.springframework.test.context.support.DirtiesContextBeforeModesTestExecutionListener, org.springframework.test.context.event.ApplicationEventsTestExecutionListener, org.springframework.test.context.support.DependencyInjectionTestExecutionListener, org.springframework.test.context.support.DirtiesContextTestExecutionListener, org.springframework.test.context.transaction.TransactionalTestExecutionListener, org.springframework.test.context.jdbc.SqlScriptsTestExecutionListener, org.springframework.test.context.event.EventPublishingTestExecutionListener]
2021-12-09 11:49:07.181  INFO 70320 --- [    Test worker] .b.t.c.SpringBootTestContextBootstrapper : Using TestExecutionListeners: [org.springframework.test.context.web.ServletTestExecutionListener@629adce, org.springframework.test.context.support.DirtiesContextBeforeModesTestExecutionListener@6a282fdd, org.springframework.test.context.event.ApplicationEventsTestExecutionListener@743c6ce4, org.springframework.boot.test.mock.mockito.MockitoTestExecutionListener@70331432, org.springframework.boot.test.autoconfigure.SpringBootDependencyInjectionTestExecutionListener@3bbf9027, org.springframework.test.context.support.DirtiesContextTestExecutionListener@10c2064a, org.springframework.test.context.transaction.TransactionalTestExecutionListener@70e13fa, org.springframework.test.context.jdbc.SqlScriptsTestExecutionListener@6ff415ad, org.springframework.security.test.context.support.WithSecurityContextTestExecutionListener@280d9edc, org.springframework.test.context.event.EventPublishingTestExecutionListener@28fd3dc1, org.springframework.security.test.context.support.ReactorContextTestExecutionListener@5f9b6ae7, org.springframework.boot.test.autoconfigure.restdocs.RestDocsTestExecutionListener@108d55c4, org.springframework.boot.test.autoconfigure.web.client.MockRestServiceServerResetTestExecutionListener@5432c277, org.springframework.boot.test.autoconfigure.web.servlet.MockMvcPrintOnlyOnFailureTestExecutionListener@15e0fe05, org.springframework.boot.test.autoconfigure.web.servlet.WebDriverTestExecutionListener@1128620c, org.springframework.boot.test.autoconfigure.webservices.client.MockWebServiceServerTestExecutionListener@6bf13698, org.springframework.boot.test.mock.mockito.ResetMocksTestExecutionListener@299270eb]

  .   ____          _            __ _ _
 /\\ / ___'_ __ _ _(_)_ __  __ _ \ \ \ \
( ( )\___ | '_ | '_| | '_ \/ _` | \ \ \ \
 \\/  ___)| |_)| | | | | || (_| |  ) ) ) )
  '  |____| .__|_| |_|_| |_\__, | / / / /
 =========|_|==============|___/=/_/_/_/
 :: Spring Boot ::                (v2.6.1)

2021-12-09 11:49:22.280  WARN 70320 --- [    Test worker] o.s.boot.StartupInfoLogger               : InetAddress.getLocalHost().getHostName() took 5006 milliseconds to respond. Please verify your network configuration (macOS machines may need to add entries to /etc/hosts).
2021-12-09 11:49:27.287  INFO 70320 --- [    Test worker] c.l.s.s.d.posts.PostsRepositoryTest      : Starting PostsRepositoryTest using Java 1.8.0_292 on lipaco-insuui-Macmini.local with PID 70320 (started by jiinsu in /Users/jiinsu/study/slowstory)
2021-12-09 11:49:27.290  INFO 70320 --- [    Test worker] c.l.s.s.d.posts.PostsRepositoryTest      : No active profile set, falling back to default profiles: default
2021-12-09 11:49:27.751  INFO 70320 --- [    Test worker] .s.d.r.c.RepositoryConfigurationDelegate : Bootstrapping Spring Data JPA repositories in DEFAULT mode.
2021-12-09 11:49:27.784  INFO 70320 --- [    Test worker] .s.d.r.c.RepositoryConfigurationDelegate : Finished Spring Data repository scanning in 28 ms. Found 2 JPA repository interfaces.
2021-12-09 11:49:28.993  INFO 70320 --- [    Test worker] com.zaxxer.hikari.HikariDataSource       : HikariPool-1 - Starting...
2021-12-09 11:49:29.206  INFO 70320 --- [    Test worker] com.zaxxer.hikari.HikariDataSource       : HikariPool-1 - Start completed.
2021-12-09 11:49:29.772  INFO 70320 --- [    Test worker] o.hibernate.jpa.internal.util.LogHelper  : HHH000204: Processing PersistenceUnitInfo [name: default]
2021-12-09 11:49:29.819  INFO 70320 --- [    Test worker] org.hibernate.Version                    : HHH000412: Hibernate ORM core version 5.6.1.Final
2021-12-09 11:49:29.960  INFO 70320 --- [    Test worker] o.hibernate.annotations.common.Version   : HCANN000001: Hibernate Commons Annotations {5.1.2.Final}
2021-12-09 11:49:30.086  INFO 70320 --- [    Test worker] org.hibernate.dialect.Dialect            : HHH000400: Using dialect: org.hibernate.dialect.H2Dialect
Hibernate: drop table if exists posts CASCADE 
Hibernate: drop table if exists user CASCADE 
Hibernate: create table posts (id bigint generated by default as identity, created_date timestamp, modified_date timestamp, author varchar(255), content TEXT not null, title varchar(500) not null, primary key (id))
Hibernate: create table user (id bigint generated by default as identity, created_date timestamp, modified_date timestamp, email varchar(255) not null, name varchar(255) not null, picture varchar(255), role varchar(255) not null, primary key (id))
2021-12-09 11:49:30.682  INFO 70320 --- [    Test worker] o.h.e.t.j.p.i.JtaPlatformInitiator       : HHH000490: Using JtaPlatform implementation: [org.hibernate.engine.transaction.jta.platform.internal.NoJtaPlatform]
2021-12-09 11:49:30.688  INFO 70320 --- [    Test worker] j.LocalContainerEntityManagerFactoryBean : Initialized JPA EntityManagerFactory for persistence unit 'default'
2021-12-09 11:49:31.882  WARN 70320 --- [    Test worker] JpaBaseConfiguration$JpaWebConfiguration : spring.jpa.open-in-view is enabled by default. Therefore, database queries may be performed during view rendering. Explicitly configure spring.jpa.open-in-view to disable this warning
2021-12-09 11:49:32.935  INFO 70320 --- [    Test worker] o.s.s.web.DefaultSecurityFilterChain     : Will secure any request with [org.springframework.security.web.context.request.async.WebAsyncManagerIntegrationFilter@5da3f32a, org.springframework.security.web.context.SecurityContextPersistenceFilter@4ae2c01b, org.springframework.security.web.header.HeaderWriterFilter@24d7657b, org.springframework.security.web.authentication.logout.LogoutFilter@35ff072c, org.springframework.security.oauth2.client.web.OAuth2AuthorizationRequestRedirectFilter@5b895e76, org.springframework.security.oauth2.client.web.OAuth2LoginAuthenticationFilter@3278d065, org.springframework.security.web.authentication.ui.DefaultLoginPageGeneratingFilter@d3d5094, org.springframework.security.web.authentication.ui.DefaultLogoutPageGeneratingFilter@57b3d869, org.springframework.security.web.savedrequest.RequestCacheAwareFilter@6879e983, org.springframework.security.web.servletapi.SecurityContextHolderAwareRequestFilter@26612078, org.springframework.security.web.authentication.AnonymousAuthenticationFilter@51f4439e, org.springframework.security.web.session.SessionManagementFilter@72e49f6a, org.springframework.security.web.access.ExceptionTranslationFilter@279e1422, org.springframework.security.web.access.intercept.FilterSecurityInterceptor@5a63fa71]
2021-12-09 11:49:33.917  INFO 70320 --- [    Test worker] o.s.b.a.w.s.WelcomePageHandlerMapping    : Adding welcome page template: index
2021-12-09 11:49:34.753  INFO 70320 --- [    Test worker] s.a.ScheduledAnnotationBeanPostProcessor : No TaskScheduler/ScheduledExecutorService bean found for scheduled processing
2021-12-09 11:49:34.765  INFO 70320 --- [    Test worker] c.l.s.s.d.posts.PostsRepositoryTest      : Started PostsRepositoryTest in 27.576 seconds (JVM running for 51.493)
Hibernate: insert into posts (id, created_date, modified_date, author, content, title) values (null, ?, ?, ?, ?, ?)
Hibernate: select posts0_.id as id1_0_, posts0_.created_date as created_2_0_, posts0_.modified_date as modified3_0_, posts0_.author as author4_0_, posts0_.content as content5_0_, posts0_.title as title6_0_ from posts posts0_
Hibernate: select posts0_.id as id1_0_, posts0_.created_date as created_2_0_, posts0_.modified_date as modified3_0_, posts0_.author as author4_0_, posts0_.content as content5_0_, posts0_.title as title6_0_ from posts posts0_
Hibernate: delete from posts where id=?
Hibernate: insert into posts (id, created_date, modified_date, author, content, title) values (null, ?, ?, ?, ?, ?)
Hibernate: select posts0_.id as id1_0_, posts0_.created_date as created_2_0_, posts0_.modified_date as modified3_0_, posts0_.author as author4_0_, posts0_.content as content5_0_, posts0_.title as title6_0_ from posts posts0_
createDate=2021-12-09T11:49:35.322modifiedDate=2021-12-09T11:49:35.322
Hibernate: select posts0_.id as id1_0_, posts0_.created_date as created_2_0_, posts0_.modified_date as modified3_0_, posts0_.author as author4_0_, posts0_.content as content5_0_, posts0_.title as title6_0_ from posts posts0_
Hibernate: delete from posts where id=?
]]></system-out>
  <system-err><![CDATA[]]></system-err>
</testsuite>
