<?xml version="1.0" encoding="UTF-8"?>
<testsuite name="com.lipaco.slowstory.springboot.web.IndexControllerTest" tests="1" skipped="0" failures="0" errors="0" timestamp="2021-12-14T02:44:14" hostname="lipaco-insuui-Macmini.local" time="0.009">
  <properties/>
  <testcase name="메인페이지_로딩()" classname="com.lipaco.slowstory.springboot.web.IndexControllerTest" time="0.009"/>
  <system-out><![CDATA[2021-12-14 11:43:56.303  INFO 1649 --- [    Test worker] .b.t.c.SpringBootTestContextBootstrapper : Neither @ContextConfiguration nor @ContextHierarchy found for test class [com.lipaco.slowstory.springboot.web.IndexControllerTest], using SpringBootContextLoader
2021-12-14 11:43:56.304  INFO 1649 --- [    Test worker] o.s.t.c.support.AbstractContextLoader    : Could not detect default resource locations for test class [com.lipaco.slowstory.springboot.web.IndexControllerTest]: no resource found for suffixes {-context.xml, Context.groovy}.
2021-12-14 11:43:56.304  INFO 1649 --- [    Test worker] t.c.s.AnnotationConfigContextLoaderUtils : Could not detect default configuration classes for test class [com.lipaco.slowstory.springboot.web.IndexControllerTest]: IndexControllerTest does not declare any static, non-private, non-final, nested classes annotated with @Configuration.
2021-12-14 11:43:56.392  INFO 1649 --- [    Test worker] .b.t.c.SpringBootTestContextBootstrapper : Found @SpringBootConfiguration com.lipaco.slowstory.springboot.Application for test class com.lipaco.slowstory.springboot.web.IndexControllerTest
2021-12-14 11:43:56.403  INFO 1649 --- [    Test worker] .b.t.c.SpringBootTestContextBootstrapper : Loaded default TestExecutionListener class names from location [META-INF/spring.factories]: [org.springframework.security.test.context.support.WithSecurityContextTestExecutionListener, org.springframework.security.test.context.support.ReactorContextTestExecutionListener, org.springframework.boot.test.autoconfigure.restdocs.RestDocsTestExecutionListener, org.springframework.boot.test.autoconfigure.web.client.MockRestServiceServerResetTestExecutionListener, org.springframework.boot.test.autoconfigure.web.servlet.MockMvcPrintOnlyOnFailureTestExecutionListener, org.springframework.boot.test.autoconfigure.web.servlet.WebDriverTestExecutionListener, org.springframework.boot.test.autoconfigure.webservices.client.MockWebServiceServerTestExecutionListener, org.springframework.boot.test.mock.mockito.MockitoTestExecutionListener, org.springframework.boot.test.mock.mockito.ResetMocksTestExecutionListener, org.springframework.test.context.web.ServletTestExecutionListener, org.springframework.test.context.support.DirtiesContextBeforeModesTestExecutionListener, org.springframework.test.context.event.ApplicationEventsTestExecutionListener, org.springframework.test.context.support.DependencyInjectionTestExecutionListener, org.springframework.test.context.support.DirtiesContextTestExecutionListener, org.springframework.test.context.transaction.TransactionalTestExecutionListener, org.springframework.test.context.jdbc.SqlScriptsTestExecutionListener, org.springframework.test.context.event.EventPublishingTestExecutionListener]
2021-12-14 11:43:56.404  INFO 1649 --- [    Test worker] .b.t.c.SpringBootTestContextBootstrapper : Using TestExecutionListeners: [org.springframework.test.context.web.ServletTestExecutionListener@2520010e, org.springframework.test.context.support.DirtiesContextBeforeModesTestExecutionListener@163fbbc9, org.springframework.test.context.event.ApplicationEventsTestExecutionListener@1669f4e5, org.springframework.boot.test.mock.mockito.MockitoTestExecutionListener@6e6c8854, org.springframework.boot.test.autoconfigure.SpringBootDependencyInjectionTestExecutionListener@4be1dce6, org.springframework.test.context.support.DirtiesContextTestExecutionListener@206bd7a0, org.springframework.test.context.transaction.TransactionalTestExecutionListener@79fcd194, org.springframework.test.context.jdbc.SqlScriptsTestExecutionListener@73d8c8d7, org.springframework.security.test.context.support.WithSecurityContextTestExecutionListener@361b3ca6, org.springframework.test.context.event.EventPublishingTestExecutionListener@48333b12, org.springframework.security.test.context.support.ReactorContextTestExecutionListener@575c23f1, org.springframework.boot.test.autoconfigure.restdocs.RestDocsTestExecutionListener@62f7d7bd, org.springframework.boot.test.autoconfigure.web.client.MockRestServiceServerResetTestExecutionListener@de63949, org.springframework.boot.test.autoconfigure.web.servlet.MockMvcPrintOnlyOnFailureTestExecutionListener@5c5c784c, org.springframework.boot.test.autoconfigure.web.servlet.WebDriverTestExecutionListener@6a299b9d, org.springframework.boot.test.autoconfigure.webservices.client.MockWebServiceServerTestExecutionListener@363fe35a, org.springframework.boot.test.mock.mockito.ResetMocksTestExecutionListener@a2fb8a5]

  .   ____          _            __ _ _
 /\\ / ___'_ __ _ _(_)_ __  __ _ \ \ \ \
( ( )\___ | '_ | '_| | '_ \/ _` | \ \ \ \
 \\/  ___)| |_)| | | | | || (_| |  ) ) ) )
  '  |____| .__|_| |_|_| |_\__, | / / / /
 =========|_|==============|___/=/_/_/_/
 :: Spring Boot ::                (v2.6.1)

2021-12-14 11:44:06.518  WARN 1649 --- [    Test worker] o.s.boot.StartupInfoLogger               : InetAddress.getLocalHost().getHostName() took 5003 milliseconds to respond. Please verify your network configuration (macOS machines may need to add entries to /etc/hosts).
2021-12-14 11:44:11.524  INFO 1649 --- [    Test worker] c.l.s.s.web.IndexControllerTest          : Starting IndexControllerTest using Java 1.8.0_292 on lipaco-insuui-Macmini.local with PID 1649 (started by jiinsu in /Users/jiinsu/study/slowstory)
2021-12-14 11:44:11.525  INFO 1649 --- [    Test worker] c.l.s.s.web.IndexControllerTest          : No active profile set, falling back to default profiles: default
2021-12-14 11:44:12.150  INFO 1649 --- [    Test worker] .s.d.r.c.RepositoryConfigurationDelegate : Bootstrapping Spring Data JPA repositories in DEFAULT mode.
2021-12-14 11:44:12.220  INFO 1649 --- [    Test worker] .s.d.r.c.RepositoryConfigurationDelegate : Finished Spring Data repository scanning in 62 ms. Found 2 JPA repository interfaces.
2021-12-14 11:44:12.771  INFO 1649 --- [    Test worker] o.s.b.w.embedded.tomcat.TomcatWebServer  : Tomcat initialized with port(s): 0 (http)
2021-12-14 11:44:12.792  INFO 1649 --- [    Test worker] o.apache.catalina.core.StandardService   : Starting service [Tomcat]
2021-12-14 11:44:12.792  INFO 1649 --- [    Test worker] org.apache.catalina.core.StandardEngine  : Starting Servlet engine: [Apache Tomcat/9.0.55]
2021-12-14 11:44:12.950  INFO 1649 --- [    Test worker] o.a.c.c.C.[Tomcat].[localhost].[/]       : Initializing Spring embedded WebApplicationContext
2021-12-14 11:44:12.951  INFO 1649 --- [    Test worker] w.s.c.ServletWebServerApplicationContext : Root WebApplicationContext: initialization completed in 1420 ms
2021-12-14 11:44:13.201  INFO 1649 --- [    Test worker] com.zaxxer.hikari.HikariDataSource       : HikariPool-2 - Starting...
2021-12-14 11:44:13.208  INFO 1649 --- [    Test worker] com.zaxxer.hikari.HikariDataSource       : HikariPool-2 - Start completed.
2021-12-14 11:44:13.327  INFO 1649 --- [    Test worker] o.hibernate.jpa.internal.util.LogHelper  : HHH000204: Processing PersistenceUnitInfo [name: default]
2021-12-14 11:44:13.347  INFO 1649 --- [    Test worker] org.hibernate.dialect.Dialect            : HHH000400: Using dialect: org.hibernate.dialect.H2Dialect
Hibernate: drop table if exists posts CASCADE 
Hibernate: drop table if exists user CASCADE 
Hibernate: create table posts (id bigint generated by default as identity, created_date timestamp, modified_date timestamp, author varchar(255), content TEXT not null, title varchar(500) not null, primary key (id))
Hibernate: create table user (id bigint generated by default as identity, created_date timestamp, modified_date timestamp, email varchar(255) not null, name varchar(255) not null, picture varchar(255), role varchar(255) not null, primary key (id))
2021-12-14 11:44:13.486  INFO 1649 --- [    Test worker] o.h.e.t.j.p.i.JtaPlatformInitiator       : HHH000490: Using JtaPlatform implementation: [org.hibernate.engine.transaction.jta.platform.internal.NoJtaPlatform]
2021-12-14 11:44:13.486  INFO 1649 --- [    Test worker] j.LocalContainerEntityManagerFactoryBean : Initialized JPA EntityManagerFactory for persistence unit 'default'
2021-12-14 11:44:13.983  WARN 1649 --- [    Test worker] JpaBaseConfiguration$JpaWebConfiguration : spring.jpa.open-in-view is enabled by default. Therefore, database queries may be performed during view rendering. Explicitly configure spring.jpa.open-in-view to disable this warning
2021-12-14 11:44:14.285  INFO 1649 --- [    Test worker] o.s.s.web.DefaultSecurityFilterChain     : Will secure any request with [org.springframework.security.web.context.request.async.WebAsyncManagerIntegrationFilter@758ebec4, org.springframework.security.web.context.SecurityContextPersistenceFilter@3922b297, org.springframework.security.web.header.HeaderWriterFilter@326dbe25, org.springframework.security.web.authentication.logout.LogoutFilter@570b85dd, org.springframework.security.oauth2.client.web.OAuth2AuthorizationRequestRedirectFilter@10820978, org.springframework.security.oauth2.client.web.OAuth2LoginAuthenticationFilter@278c67a7, org.springframework.security.web.authentication.ui.DefaultLoginPageGeneratingFilter@43a8bd35, org.springframework.security.web.authentication.ui.DefaultLogoutPageGeneratingFilter@c247363, org.springframework.security.web.savedrequest.RequestCacheAwareFilter@2d02a066, org.springframework.security.web.servletapi.SecurityContextHolderAwareRequestFilter@72c1bf75, org.springframework.security.web.authentication.AnonymousAuthenticationFilter@c6d7256, org.springframework.security.web.session.SessionManagementFilter@647aa45c, org.springframework.security.web.access.ExceptionTranslationFilter@4cbb11e4, org.springframework.security.web.access.intercept.FilterSecurityInterceptor@60d32006]
2021-12-14 11:44:14.604  INFO 1649 --- [    Test worker] o.s.b.a.w.s.WelcomePageHandlerMapping    : Adding welcome page template: index
2021-12-14 11:44:14.921  INFO 1649 --- [    Test worker] o.s.b.w.embedded.tomcat.TomcatWebServer  : Tomcat started on port(s): 52335 (http) with context path ''
2021-12-14 11:44:14.932  INFO 1649 --- [    Test worker] s.a.ScheduledAnnotationBeanPostProcessor : No TaskScheduler/ScheduledExecutorService bean found for scheduled processing
2021-12-14 11:44:14.934  INFO 1649 --- [    Test worker] c.l.s.s.web.IndexControllerTest          : Started IndexControllerTest in 18.52 seconds (JVM running for 50.585)
]]></system-out>
  <system-err><![CDATA[]]></system-err>
</testsuite>
