<?xml version="1.0" encoding="UTF-8"?>
<testsuite name="com.lipaco.slowstory.SlowstoryApplicationTests" tests="1" skipped="0" failures="0" errors="0" timestamp="2021-12-14T02:43:56" hostname="lipaco-insuui-Macmini.local" time="0.082">
  <properties/>
  <testcase name="contextLoads()" classname="com.lipaco.slowstory.SlowstoryApplicationTests" time="0.082"/>
  <system-out><![CDATA[11:43:25.702 [Test worker] DEBUG org.springframework.test.context.BootstrapUtils - Instantiating CacheAwareContextLoaderDelegate from class [org.springframework.test.context.cache.DefaultCacheAwareContextLoaderDelegate]
11:43:25.711 [Test worker] DEBUG org.springframework.test.context.BootstrapUtils - Instantiating BootstrapContext using constructor [public org.springframework.test.context.support.DefaultBootstrapContext(java.lang.Class,org.springframework.test.context.CacheAwareContextLoaderDelegate)]
11:43:25.828 [Test worker] DEBUG org.springframework.test.context.BootstrapUtils - Instantiating TestContextBootstrapper for test class [com.lipaco.slowstory.SlowstoryApplicationTests] from class [org.springframework.boot.test.context.SpringBootTestContextBootstrapper]
11:43:25.846 [Test worker] INFO org.springframework.boot.test.context.SpringBootTestContextBootstrapper - Neither @ContextConfiguration nor @ContextHierarchy found for test class [com.lipaco.slowstory.SlowstoryApplicationTests], using SpringBootContextLoader
11:43:25.852 [Test worker] DEBUG org.springframework.test.context.support.AbstractContextLoader - Did not detect default resource location for test class [com.lipaco.slowstory.SlowstoryApplicationTests]: class path resource [com/lipaco/slowstory/SlowstoryApplicationTests-context.xml] does not exist
11:43:25.852 [Test worker] DEBUG org.springframework.test.context.support.AbstractContextLoader - Did not detect default resource location for test class [com.lipaco.slowstory.SlowstoryApplicationTests]: class path resource [com/lipaco/slowstory/SlowstoryApplicationTestsContext.groovy] does not exist
11:43:25.853 [Test worker] INFO org.springframework.test.context.support.AbstractContextLoader - Could not detect default resource locations for test class [com.lipaco.slowstory.SlowstoryApplicationTests]: no resource found for suffixes {-context.xml, Context.groovy}.
11:43:25.854 [Test worker] INFO org.springframework.test.context.support.AnnotationConfigContextLoaderUtils - Could not detect default configuration classes for test class [com.lipaco.slowstory.SlowstoryApplicationTests]: SlowstoryApplicationTests does not declare any static, non-private, non-final, nested classes annotated with @Configuration.
11:43:25.923 [Test worker] DEBUG org.springframework.test.context.support.ActiveProfilesUtils - Could not find an 'annotation declaring class' for annotation type [org.springframework.test.context.ActiveProfiles] and class [com.lipaco.slowstory.SlowstoryApplicationTests]
11:43:26.017 [Test worker] DEBUG org.springframework.context.annotation.ClassPathScanningCandidateComponentProvider - Identified candidate component class: file [/Users/jiinsu/study/slowstory/build/classes/java/main/com/lipaco/slowstory/SlowstoryApplication.class]
11:43:26.022 [Test worker] INFO org.springframework.boot.test.context.SpringBootTestContextBootstrapper - Found @SpringBootConfiguration com.lipaco.slowstory.SlowstoryApplication for test class com.lipaco.slowstory.SlowstoryApplicationTests
11:43:26.127 [Test worker] DEBUG org.springframework.boot.test.context.SpringBootTestContextBootstrapper - @TestExecutionListeners is not present for class [com.lipaco.slowstory.SlowstoryApplicationTests]: using defaults.
11:43:26.128 [Test worker] INFO org.springframework.boot.test.context.SpringBootTestContextBootstrapper - Loaded default TestExecutionListener class names from location [META-INF/spring.factories]: [org.springframework.security.test.context.support.WithSecurityContextTestExecutionListener, org.springframework.security.test.context.support.ReactorContextTestExecutionListener, org.springframework.boot.test.autoconfigure.restdocs.RestDocsTestExecutionListener, org.springframework.boot.test.autoconfigure.web.client.MockRestServiceServerResetTestExecutionListener, org.springframework.boot.test.autoconfigure.web.servlet.MockMvcPrintOnlyOnFailureTestExecutionListener, org.springframework.boot.test.autoconfigure.web.servlet.WebDriverTestExecutionListener, org.springframework.boot.test.autoconfigure.webservices.client.MockWebServiceServerTestExecutionListener, org.springframework.boot.test.mock.mockito.MockitoTestExecutionListener, org.springframework.boot.test.mock.mockito.ResetMocksTestExecutionListener, org.springframework.test.context.web.ServletTestExecutionListener, org.springframework.test.context.support.DirtiesContextBeforeModesTestExecutionListener, org.springframework.test.context.event.ApplicationEventsTestExecutionListener, org.springframework.test.context.support.DependencyInjectionTestExecutionListener, org.springframework.test.context.support.DirtiesContextTestExecutionListener, org.springframework.test.context.transaction.TransactionalTestExecutionListener, org.springframework.test.context.jdbc.SqlScriptsTestExecutionListener, org.springframework.test.context.event.EventPublishingTestExecutionListener]
11:43:26.147 [Test worker] INFO org.springframework.boot.test.context.SpringBootTestContextBootstrapper - Using TestExecutionListeners: [org.springframework.test.context.web.ServletTestExecutionListener@29ca3d04, org.springframework.test.context.support.DirtiesContextBeforeModesTestExecutionListener@b2c5e07, org.springframework.test.context.event.ApplicationEventsTestExecutionListener@5812f68b, org.springframework.boot.test.mock.mockito.MockitoTestExecutionListener@4426bff1, org.springframework.boot.test.autoconfigure.SpringBootDependencyInjectionTestExecutionListener@3c7c886c, org.springframework.test.context.support.DirtiesContextTestExecutionListener@55493582, org.springframework.test.context.transaction.TransactionalTestExecutionListener@1a20270e, org.springframework.test.context.jdbc.SqlScriptsTestExecutionListener@6b88ca8c, org.springframework.security.test.context.support.WithSecurityContextTestExecutionListener@336f1079, org.springframework.test.context.event.EventPublishingTestExecutionListener@2f16c6b3, org.springframework.security.test.context.support.ReactorContextTestExecutionListener@34158c08, org.springframework.boot.test.autoconfigure.restdocs.RestDocsTestExecutionListener@19e4fcac, org.springframework.boot.test.autoconfigure.web.client.MockRestServiceServerResetTestExecutionListener@52c3cb31, org.springframework.boot.test.autoconfigure.web.servlet.MockMvcPrintOnlyOnFailureTestExecutionListener@4b79ac84, org.springframework.boot.test.autoconfigure.web.servlet.WebDriverTestExecutionListener@53941c2f, org.springframework.boot.test.autoconfigure.webservices.client.MockWebServiceServerTestExecutionListener@6dab9b6d, org.springframework.boot.test.mock.mockito.ResetMocksTestExecutionListener@21fd5faa]
11:43:26.154 [Test worker] DEBUG org.springframework.test.context.support.AbstractDirtiesContextTestExecutionListener - Before test class: context [DefaultTestContext@73194df testClass = SlowstoryApplicationTests, testInstance = [null], testMethod = [null], testException = [null], mergedContextConfiguration = [WebMergedContextConfiguration@6eb2384f testClass = SlowstoryApplicationTests, locations = '{}', classes = '{class com.lipaco.slowstory.SlowstoryApplication}', contextInitializerClasses = '[]', activeProfiles = '{}', propertySourceLocations = '{}', propertySourceProperties = '{org.springframework.boot.test.context.SpringBootTestContextBootstrapper=true}', contextCustomizers = set[org.springframework.boot.test.autoconfigure.actuate.metrics.MetricsExportContextCustomizerFactory$DisableMetricExportContextCustomizer@312aa7c, org.springframework.boot.test.autoconfigure.properties.PropertyMappingContextCustomizer@0, org.springframework.boot.test.autoconfigure.web.servlet.WebDriverContextCustomizerFactory$Customizer@710636b0, org.springframework.boot.test.context.filter.ExcludeFilterContextCustomizer@4e5ed836, org.springframework.boot.test.json.DuplicateJsonObjectContextCustomizerFactory$DuplicateJsonObjectContextCustomizer@7bd7d6d6, org.springframework.boot.test.mock.mockito.MockitoContextCustomizer@0, org.springframework.boot.test.web.client.TestRestTemplateContextCustomizer@4b8d604b, org.springframework.boot.test.context.SpringBootTestArgs@1, org.springframework.boot.test.context.SpringBootTestWebEnvironment@3d121db3], resourceBasePath = 'src/main/webapp', contextLoader = 'org.springframework.boot.test.context.SpringBootContextLoader', parent = [null]], attributes = map['org.springframework.test.context.web.ServletTestExecutionListener.activateListener' -> true]], class annotated with @DirtiesContext [false] with mode [null].
11:43:26.206 [Test worker] DEBUG org.springframework.boot.ApplicationServletEnvironment - Activating profiles []
11:43:26.208 [Test worker] DEBUG org.springframework.test.context.support.TestPropertySourceUtils - Adding inlined properties to environment: {spring.jmx.enabled=false, org.springframework.boot.test.context.SpringBootTestContextBootstrapper=true}

  .   ____          _            __ _ _
 /\\ / ___'_ __ _ _(_)_ __  __ _ \ \ \ \
( ( )\___ | '_ | '_| | '_ \/ _` | \ \ \ \
 \\/  ___)| |_)| | | | | || (_| |  ) ) ) )
  '  |____| .__|_| |_|_| |_\__, | / / / /
 =========|_|==============|___/=/_/_/_/
 :: Spring Boot ::                (v2.6.1)

2021-12-14 11:43:41.896  WARN 1649 --- [    Test worker] o.s.boot.StartupInfoLogger               : InetAddress.getLocalHost().getHostName() took 5005 milliseconds to respond. Please verify your network configuration (macOS machines may need to add entries to /etc/hosts).
2021-12-14 11:43:46.911  INFO 1649 --- [    Test worker] c.l.slowstory.SlowstoryApplicationTests  : Starting SlowstoryApplicationTests using Java 1.8.0_292 on lipaco-insuui-Macmini.local with PID 1649 (started by jiinsu in /Users/jiinsu/study/slowstory)
2021-12-14 11:43:46.916  INFO 1649 --- [    Test worker] c.l.slowstory.SlowstoryApplicationTests  : No active profile set, falling back to default profiles: default
2021-12-14 11:43:48.414  INFO 1649 --- [    Test worker] .s.d.r.c.RepositoryConfigurationDelegate : Bootstrapping Spring Data JPA repositories in DEFAULT mode.
2021-12-14 11:43:48.583  INFO 1649 --- [    Test worker] .s.d.r.c.RepositoryConfigurationDelegate : Finished Spring Data repository scanning in 159 ms. Found 4 JPA repository interfaces.
2021-12-14 11:43:49.828  INFO 1649 --- [    Test worker] com.zaxxer.hikari.HikariDataSource       : HikariPool-1 - Starting...
2021-12-14 11:43:50.107  INFO 1649 --- [    Test worker] com.zaxxer.hikari.HikariDataSource       : HikariPool-1 - Start completed.
2021-12-14 11:43:50.709  INFO 1649 --- [    Test worker] o.hibernate.jpa.internal.util.LogHelper  : HHH000204: Processing PersistenceUnitInfo [name: default]
2021-12-14 11:43:50.767  INFO 1649 --- [    Test worker] org.hibernate.Version                    : HHH000412: Hibernate ORM core version 5.6.1.Final
2021-12-14 11:43:50.922  INFO 1649 --- [    Test worker] o.hibernate.annotations.common.Version   : HCANN000001: Hibernate Commons Annotations {5.1.2.Final}
2021-12-14 11:43:51.053  INFO 1649 --- [    Test worker] org.hibernate.dialect.Dialect            : HHH000400: Using dialect: org.hibernate.dialect.H2Dialect
Hibernate: drop table if exists posts CASCADE 
Hibernate: drop table if exists user CASCADE 
Hibernate: create table posts (id bigint generated by default as identity, created_date timestamp, modified_date timestamp, author varchar(255), content TEXT not null, title varchar(500) not null, primary key (id))
Hibernate: create table user (id bigint generated by default as identity, created_date timestamp, modified_date timestamp, email varchar(255) not null, name varchar(255) not null, picture varchar(255), role varchar(255) not null, primary key (id))
2021-12-14 11:43:51.720  INFO 1649 --- [    Test worker] o.h.e.t.j.p.i.JtaPlatformInitiator       : HHH000490: Using JtaPlatform implementation: [org.hibernate.engine.transaction.jta.platform.internal.NoJtaPlatform]
2021-12-14 11:43:51.743  INFO 1649 --- [    Test worker] j.LocalContainerEntityManagerFactoryBean : Initialized JPA EntityManagerFactory for persistence unit 'default'
2021-12-14 11:43:52.850  WARN 1649 --- [    Test worker] JpaBaseConfiguration$JpaWebConfiguration : spring.jpa.open-in-view is enabled by default. Therefore, database queries may be performed during view rendering. Explicitly configure spring.jpa.open-in-view to disable this warning
2021-12-14 11:43:53.983  INFO 1649 --- [    Test worker] o.s.s.web.DefaultSecurityFilterChain     : Will secure any request with [org.springframework.security.web.context.request.async.WebAsyncManagerIntegrationFilter@7482309c, org.springframework.security.web.context.SecurityContextPersistenceFilter@49fe0bcd, org.springframework.security.web.header.HeaderWriterFilter@2c5708e7, org.springframework.security.web.authentication.logout.LogoutFilter@520c3dcb, org.springframework.security.oauth2.client.web.OAuth2AuthorizationRequestRedirectFilter@686e7513, org.springframework.security.oauth2.client.web.OAuth2LoginAuthenticationFilter@4cc89246, org.springframework.security.web.authentication.ui.DefaultLoginPageGeneratingFilter@63eea8c4, org.springframework.security.web.authentication.ui.DefaultLogoutPageGeneratingFilter@f42336c, org.springframework.security.web.savedrequest.RequestCacheAwareFilter@6be8ce1b, org.springframework.security.web.servletapi.SecurityContextHolderAwareRequestFilter@141dfcf9, org.springframework.security.web.authentication.AnonymousAuthenticationFilter@6b3b4f37, org.springframework.security.web.session.SessionManagementFilter@4e26564d, org.springframework.security.web.access.ExceptionTranslationFilter@5b23c1f6, org.springframework.security.web.access.intercept.FilterSecurityInterceptor@34bf66af]
2021-12-14 11:43:55.318  INFO 1649 --- [    Test worker] o.s.b.a.w.s.WelcomePageHandlerMapping    : Adding welcome page template: index
2021-12-14 11:43:56.144  INFO 1649 --- [    Test worker] s.a.ScheduledAnnotationBeanPostProcessor : No TaskScheduler/ScheduledExecutorService bean found for scheduled processing
2021-12-14 11:43:56.155  INFO 1649 --- [    Test worker] c.l.slowstory.SlowstoryApplicationTests  : Started SlowstoryApplicationTests in 29.944 seconds (JVM running for 31.806)
]]></system-out>
  <system-err><![CDATA[]]></system-err>
</testsuite>
